####   Resource Utilization Report   ####

    Top level module name: ntt_top

    Resource usage:

        CLB LUT5s:    597/1120 (53.30%)
            Lut5:                          597 (53.30%)
            Lut5 for Shift-register:       0 (0.00%)
            Lut5 for Distributed memory:   0 (0.00%)

        FFs:    249
        CLB FFs: 203/1120 (18.13%)
        IOB FFs: 46/736 (6.25%)

        CLBs:      117/140 (83.57%)
        Tiles:     1/1 (100.00%)

        RTL Input ports:     33 
        RTL Output ports:    131 
        GPIOs:               5/19 (26.32%)

        PLLs:        0/1 (0.00%)
        OSCs:        1/1 (100.00%)
        4k BRAMs:    4/8 (50.00%)

        1 Clock
           Clock 0: net     2, clk, Fanout: 105 CLBs
           Total 1 unique clocks

####   Resource Utilization Complete   ####

TILE-REQ:		0		0		0		1

### Total FPGA resources from current floorplan: ###
                       184 IOBs
                       140 Logic 6-LUT CLBs
                              40 CLBs support RAM/SR

Usage of Logic CLBs is 83.6%.
    Logic-Memory CLB for RAM/Shift-Register is 0.0%.
Usage of LUTs is 81.2%.
    dual-LUTs is 17.3%.
Usage of FF is 30.5%.
    dual-FF is 5.7%.
Usage of IO CLB is 39.1%.
