


MINPLACER FLOW STARTS Sun Jul 12 22:11:30 2026
PARRAY=32x32
TILE_SIZE=1,1
MODULE_NAME=ntt_top
GRANDITER=-1
FLOW_STRING=eflxexp1500
COMMIT_NLEDIT_IMMEDIATELY=1
USE_NMAX=0
USE_FINDER=1
USE_RTABLE=0
LATENCY_AWARE=1
HAS_PPP=0
FAIL_AS_CRASH=0
RUNTIME_LIMITED=1
MAX_CPU=4 (16 16 4)
REPORT_HOLD=1
IGNORE_REGION=0
IGNORE_REGION_AFTER_WL=0
VERIFY=0
[                                                  ][    2] Running placer flow EXP (version=1500).
[                                                  ][    2] Start 4 jobs with MAX_CPU=4, POOLSIZE=4 and requested_winning_jobs=1.
[                                                  ][    2] Running placer flow WLTD (666).
[              minplacer\00000_pa00_00001_character][    2] Step character
[              minplacer\00000_pa00_00001_character][    3] Step MinPlacerChar minplacer_skip_dont_place=0 do_shortfd=0 do_shortfd_aggressive=0 do_precomb=0 do_precomb_aggressive=0 do_chain_to_tree=0 do_used_rbb_vacan=0 do_rep=1 do_reloc=0 do_repack=0 do_swabsorb=0 do_rplan=1
[              minplacer\00000_pa00_00001_character][    3] RbbUsage=94 PrePlaceTiming=99831.
[                  minplacer\00000_pa00_00002_setup][    3] Step setup
[                  minplacer\00000_pa00_00002_setup][    5] Step setup ends.
[                     minplacer\00000_pa00_00003_wl][    5] Step wl
[                     minplacer\00000_pa00_00003_wl][   31] Step wl returns 0. (timing=12463 cg=0)
[                     minplacer\00000_pa00_00003_wl][   31] Updating timing 12463 vs 2147483647.
[                 minplacer\00000_pa00_00004_repopt][   31] Step repopt
[                 minplacer\00000_pa00_00004_repopt][   41] Step repopt returns 0. (timing=12463 cg=0)
[                 minplacer\00000_pa00_00004_repopt][   41] Step has no netlist change.
[                   minplacer\00000_pa00_00005_post][   41] Step post
[                   minplacer\00000_pa00_00005_post][   87] Step post returns 0. (timing=21670R cg=0)
[                   minplacer\00000_pa00_00005_post][   87] Updating timing 21670R vs 12463.
[                  minplacer\00000_pa00_00006_rplan][   87] Step rplan
[                  minplacer\00000_pa00_00006_rplan][   97] Step rplan returns 0. (timing=21670R cg=50)
[                  minplacer\00000_pa00_00006_rplan][   97] Updating timing 21670R vs 21670R.
[                                                  ][   97] Running placer flow WLTD ends with TRUE.
[                  minplacer\00000_pa00_00006_rplan][   97] Placer job(0) finished okay with timing=21670.
[                                                  ][    2] Running placer flow WLTD (666).
[              minplacer\00002_pa02_00001_character][    2] Step character
[              minplacer\00002_pa02_00001_character][    2] Step MinPlacerChar minplacer_skip_dont_place=0 do_shortfd=0 do_shortfd_aggressive=0 do_precomb=0 do_precomb_aggressive=0 do_chain_to_tree=0 do_used_rbb_vacan=0 do_rep=1 do_reloc=0 do_repack=0 do_swabsorb=0 do_rplan=1
[              minplacer\00002_pa02_00001_character][    2] RbbUsage=94 PrePlaceTiming=99831.
[                  minplacer\00002_pa02_00002_setup][    2] Step setup
[                  minplacer\00002_pa02_00002_setup][    4] Step setup ends.
[                     minplacer\00002_pa02_00003_wl][    4] Step wl
[                     minplacer\00002_pa02_00003_wl][   31] Step wl returns 0. (timing=11953 cg=0)
[                     minplacer\00002_pa02_00003_wl][   31] Updating timing 11953 vs 2147483647.
[                 minplacer\00002_pa02_00004_repopt][   31] Step repopt
[                 minplacer\00002_pa02_00004_repopt][   41] Step repopt returns 0. (timing=11953 cg=0)
[                 minplacer\00002_pa02_00004_repopt][   41] Step has no netlist change.
[                   minplacer\00002_pa02_00005_post][   41] Step post
[                   minplacer\00002_pa02_00005_post][  107] Step post returns 0. (timing=23266R cg=0)
[                   minplacer\00002_pa02_00005_post][  107] Updating timing 23266R vs 11953.
[                  minplacer\00002_pa02_00006_rplan][  107] Step rplan
[                  minplacer\00002_pa02_00006_rplan][  117] Step rplan returns 0. (timing=23266R cg=50)
[                  minplacer\00002_pa02_00006_rplan][  117] Updating timing 23266R vs 23266R.
[                                                  ][  117] Running placer flow WLTD ends with TRUE.
[                  minplacer\00002_pa02_00006_rplan][  117] Placer job(2) finished okay with timing=23266.
[                                                  ][    2] Running placer flow WLTD (666).
[              minplacer\00001_pa01_00001_character][    2] Step character
[              minplacer\00001_pa01_00001_character][    2] Step MinPlacerChar minplacer_skip_dont_place=0 do_shortfd=0 do_shortfd_aggressive=0 do_precomb=0 do_precomb_aggressive=0 do_chain_to_tree=0 do_used_rbb_vacan=0 do_rep=1 do_reloc=0 do_repack=0 do_swabsorb=0 do_rplan=1
[              minplacer\00001_pa01_00001_character][    2] RbbUsage=94 PrePlaceTiming=99831.
[                  minplacer\00001_pa01_00002_setup][    3] Step setup
[                  minplacer\00001_pa01_00002_setup][    4] Step setup ends.
[                     minplacer\00001_pa01_00003_wl][    4] Step wl
[                     minplacer\00001_pa01_00003_wl][   31] Step wl returns 0. (timing=12475 cg=0)
[                     minplacer\00001_pa01_00003_wl][   31] Updating timing 12475 vs 2147483647.
[                 minplacer\00001_pa01_00004_repopt][   31] Step repopt
[                 minplacer\00001_pa01_00004_repopt][   41] Step repopt returns 0. (timing=12475 cg=0)
[                 minplacer\00001_pa01_00004_repopt][   41] Step has no netlist change.
[                   minplacer\00001_pa01_00005_post][   41] Step post
[                   minplacer\00001_pa01_00005_post][  112] Step post returns 0. (timing=21027R cg=0)
[                   minplacer\00001_pa01_00005_post][  112] Updating timing 21027R vs 12475.
[                  minplacer\00001_pa01_00006_rplan][  112] Step rplan
[                  minplacer\00001_pa01_00006_rplan][  122] Step rplan returns 0. (timing=21027R cg=50)
[                  minplacer\00001_pa01_00006_rplan][  122] Updating timing 21027R vs 21027R.
[                                                  ][  122] Running placer flow WLTD ends with TRUE.
[                  minplacer\00001_pa01_00006_rplan][  122] Placer job(1) finished okay with timing=21027.
[                                                  ][    2] Running placer flow WLTD (666).
[              minplacer\00003_pa03_00001_character][    2] Step character
[              minplacer\00003_pa03_00001_character][    3] Step MinPlacerChar minplacer_skip_dont_place=0 do_shortfd=0 do_shortfd_aggressive=0 do_precomb=0 do_precomb_aggressive=0 do_chain_to_tree=0 do_used_rbb_vacan=0 do_rep=1 do_reloc=0 do_repack=0 do_swabsorb=0 do_rplan=1
[              minplacer\00003_pa03_00001_character][    3] RbbUsage=94 PrePlaceTiming=99831.
[                  minplacer\00003_pa03_00002_setup][    3] Step setup
[                  minplacer\00003_pa03_00002_setup][    6] Step setup ends.
[                     minplacer\00003_pa03_00003_wl][    6] Step wl
[                     minplacer\00003_pa03_00003_wl][   31] Step wl returns 0. (timing=12541 cg=0)
[                     minplacer\00003_pa03_00003_wl][   31] Updating timing 12541 vs 2147483647.
[                 minplacer\00003_pa03_00004_repopt][   31] Step repopt
[                 minplacer\00003_pa03_00004_repopt][   42] Step repopt returns 0. (timing=12541 cg=0)
[                 minplacer\00003_pa03_00004_repopt][   42] Step has no netlist change.
[                   minplacer\00003_pa03_00005_post][   42] Step post
[                   minplacer\00003_pa03_00005_post][  147] Step post returns 0. (timing=20796R cg=0)
[                   minplacer\00003_pa03_00005_post][  147] Updating timing 20796R vs 12541.
[                  minplacer\00003_pa03_00006_rplan][  147] Step rplan
[                  minplacer\00003_pa03_00006_rplan][  157] Step rplan returns 0. (timing=20796R cg=50)
[                  minplacer\00003_pa03_00006_rplan][  157] Updating timing 20796R vs 20796R.
[                                                  ][  157] Running placer flow WLTD ends with TRUE.
[                  minplacer\00003_pa03_00006_rplan][  157] Placer job(3) finished okay with timing=20796.
[                                                  ][  158] End 4 jobs with 1 being accepted: [3,expjob_3]=minplacer\00003_pa03_00006_rplan
[                                                  ][  158] End 4 jobs with 3 being abandoned: [1,expjob_1]=minplacer\00001_pa01_00006_rplan [0,expjob_0]=minplacer\00000_pa00_00006_rplan [2,expjob_2]=minplacer\00002_pa02_00006_rplan
[                                                  ][  158] Running placer flow EXP receives (3).
[                  minplacer\00003_pa03_00006_rplan][  158] Updating timing 20796R vs 2147483647.
[                                                  ][  158] Running placer flow EXP ends with [minplacer\00003_pa03_00006_rplan] timing=20796.
[                  minplacer\00003_pa03_00006_rplan][  158] Step readback plc starts.
[                  minplacer\00003_pa03_00006_rplan][  158] Step readback plc ended.
MINPLACER FLOW QORSTAT REP=0 BUF=0 PPP=0 COMB=0 SHORTFD=0 RELOC=0 SWABSORB=0 PREABSORB=0
MINPLACER FLOW ENDS RET=PASS Sun Jul 12 22:14:06 2026
