#COLLECTE 4 WINNING_JOBS
##PARALLEL JOB[3] (2,expjob_2) timing=23266 dir=minplacer\00002_pa02_00006_rplan
##PARALLEL JOB[2] (0,expjob_0) timing=21670 dir=minplacer\00000_pa00_00006_rplan
##PARALLEL JOB[1] (1,expjob_1) timing=21027 dir=minplacer\00001_pa01_00006_rplan
##PARALLEL JOB[0] (3,expjob_3) timing=20796 dir=minplacer\00003_pa03_00006_rplan
PrePlaceDly=99831
#PLC_RUNDIR=minplacer\00003_pa03_00003_wl timing=12541 cg=0
PlaceDly=12541
TWL=77100
PEAKMEM=1305MB
#PLC_RUNDIR=minplacer\00003_pa03_00004_repopt timing=12541 cg=0
PlaceDly=12541
TWL=77100
PEAKMEM=1338MB
#PLC_RUNDIR=minplacer\00003_pa03_00005_post timing=20796 cg=0
PostIter=25
PlaceDly=20796
TWL=83810
PEAKMEM=1415MB
TotPostIter=25
#PLC_RUNDIR=minplacer\00003_pa03_00006_rplan timing=20796 cg=50
FinderPnRatio=50
FinderPnIter=0
PlaceDly=20796
PEAKMEM=1374MB
ParWin                              =expjob_3
