The current time is Sat Jul 11 22:03:40 2026
CPUs=4
EXE="C:\Program Files\Renesas Electronics\Go Configure Software Hub\external\eda-placer\v23\eda-placer.exe"
BuildDir=C:\Program Files\Renesas Electronics\Go Configure Software Hub\external\eda-placer\v23
BuildPath="C:\Program Files\Renesas Electronics\Go Configure Software Hub\external\eda-placer\v23"
CWD=C:\Users\Madhavansh\AppData\Local\Temp\worRlCxt\out\minplacer\00001_pa01_00005_post
LogFile=minplacer_00001_pa01_00005.log
PrintScreen=..\_00001_pa01_stdout.txt
Command line: C:\Program Files\Renesas Electronics\Go Configure Software Hub\external\eda-placer\v23\eda-placer.exe -print_screen ..\_00001_pa01_stdout.txt -eflx_call_minplacer 00001_pa01_00005_post__out__ntt_top
	Arg[0] C:\Program Files\Renesas Electronics\Go Configure Software Hub\external\eda-placer\v23\eda-placer.exe
	Arg[1] -print_screen
	Arg[2] ..\_00001_pa01_stdout.txt
	Arg[3] -eflx_call_minplacer
	Arg[4] 00001_pa01_00005_post__out__ntt_top
Report CFG start:
            minplacer_output_clkloc = ..\..\minplacer\00001_pa01_00005_post\minplacer_clkloc.txt
           minplacer_ignore_regions = 0
    minplacer_output_vacant_lrbbloc = ..\..\minplacer\00001_pa01_00005_post\minplacer_vacant_lrbbloc.txt
    minplacer_post_use_sweep_target = 0
             minplacer_input_rbbloc = ..\..\minplacer\00001_pa01_00003_wl\minplacer_rbbloc.txt
     minplacer_post_use_sweep_local = 0
          minplacer_input_timingdef = ..\..\minplacer\00001_pa01_00002_setup\minplacer.timing_def
                 minplacer_rmany_mt = 1
               minplacer_input_edif = ..\..\minplacer\00001_pa01_00002_setup\minplacer.edf
              minplacer_post_target = 665
minplacer_output_rstarting_priority = ..\..\minplacer\00001_pa01_00005_post\minplacer_finderpriority.txt
minplacer_post_path_based_slack_range = 0
          post_find_timing_no_table = 0
                               loga = minplacer_00001_pa01_00005.log
              ta_report_limit_paths = -1
              minplacer_input_rd2sm = ..\..\minplacer\00001_pa01_00002_setup\minplacer.rnode2sm_def
         minplacer_post_target_mode = 2
                            verbose = 1
       minplacer_accept_stop_signal = ..\..\minplacer\stop_all.txt
         minplacer_input_rd2sitepin = ..\..\minplacer\00001_pa01_00002_setup\minplacer.rnode2sitepin_def
minplacer_report_timing_side_effect = 0
                minplacer_post_mode = 2
            minplacer_output_rbbloc = ..\..\minplacer\00001_pa01_00005_post\minplacer_rbbloc.txt
         minplacer_pann_random_walk = 3
            minplacer_input_chipdef = ..\..\minplacer\00001_pa01_00002_setup\minplacer.chip_def
      minplacer_accept_stop_signal2 = ..\..\minplacer\stop_00001_pa01_.txt
minplacer_post_limit_near_critical_pass = 3
                eflx_call_minplacer = 00001_pa01_00005_post__out__ntt_top
                  minplacer_max_cpu = 1
          minplacer_post_limit_iter = 300
         minplacer_output_timingdef = ..\..\minplacer\00001_pa01_00005_post\minplacer.timing_def
     minplacer_print_timing_summary = 1
minplacer_ppath_skip_pipeff_as_target = 0
minplacer_ppipe_tile_boundary_detour = 1
  minplacer_post_longpathpen_weight = 1
                          qor_stats = 1
                  rfinder_use_table = 0
       minplacer_input_branchdlydef = ..\..\minplacer\00001_pa01_00002_setup\minplacer.branchdly_def
                       print_screen = ..\_00001_pa01_stdout.txt
minplacer_post_tarpos_by_sideeffect = 0
             minplacer_input_rgraph = ..\..\minplacer\00001_pa01_00002_setup\minplacer.rgraph_def
                minplacer_flow_post = 2
                     ta_report_hold = 1
          minplacer_input_clklatdef = ..\..\minplacer\00001_pa01_00002_setup\minplacer.clklat_def
Report CFG end:
PLACER_STANDALONE STARTS.
	INPUTS:
	minplacer_input_edif=..\..\minplacer\00001_pa01_00002_setup\minplacer.edf
	minplacer_input_chipdef=..\..\minplacer\00001_pa01_00002_setup\minplacer.chip_def
	minplacer_input_ramdef=<none>
	minplacer_input_timingdef=..\..\minplacer\00001_pa01_00002_setup\minplacer.timing_def
	minplacer_input_clklatdef=..\..\minplacer\00001_pa01_00002_setup\minplacer.clklat_def
	minplacer_input_rbbloc=..\..\minplacer\00001_pa01_00003_wl\minplacer_rbbloc.txt
	minplacer_input_tilerange=<none>
	minplacer_input_nledit=<none>
	minplacer_input_rgraph=..\..\minplacer\00001_pa01_00002_setup\minplacer.rgraph_def
	minplacer_input_rd2sm=..\..\minplacer\00001_pa01_00002_setup\minplacer.rnode2sm_def
	minplacer_input_rd2sitepin=..\..\minplacer\00001_pa01_00002_setup\minplacer.rnode2sitepin_def
	minplacer_input_branchdlydef=..\..\minplacer\00001_pa01_00002_setup\minplacer.branchdly_def
	minplacer_input_ravecs=<none>
	minplacer_input_rstarting_priority=<none>
	OUTPUTS:
	minplacer_output_edif=<none>
	minplacer_output_timingdef=..\..\minplacer\00001_pa01_00005_post\minplacer.timing_def
	minplacer_output_clklatdef=<none>
	minplacer_output_rbbloc=..\..\minplacer\00001_pa01_00005_post\minplacer_rbbloc.txt
	minplacer_output_vacant_lrbbloc=..\..\minplacer\00001_pa01_00005_post\minplacer_vacant_lrbbloc.txt
	minplacer_output_clkloc=..\..\minplacer\00001_pa01_00005_post\minplacer_clkloc.txt
	minplacer_output_rteloc=<none>
	minplacer_output_tilerange=<none>
	minplacer_output_nledit=<none>
	minplacer_output_branchdlydef=<none>
	minplacer_output_ravecs=<none>
	minplacer_output_rstarting_priority=..\..\minplacer\00001_pa01_00005_post\minplacer_finderpriority.txt
pProblemIni. isNmax=0 inflat=0 mem_dump_mode=0
Set ARRAYINFO: 32x32
ARRAYINFO: locs_per_tile=[32,32] pos_interval=[10,10] boundary_penalty=[20,10] l_shift_x0,xmult,yvalue=<1,3,0> max_iob_width=4 is_x2=0 clock=<max-num=2,max-inv=1,inv-noninv-as-one=false,ram-independent=false>
SITETYPE L LAYER=L SIDE=WEST NPIN=26/14
SITETYPE l LAYER=L SIDE=WEST NPIN=26/14
SITETYPE M LAYER=M SIDE=WEST NPIN=26/14
SITETYPE m LAYER=M SIDE=WEST NPIN=26/14
SITETYPE D LAYER=DSP SIDE=WEST NPIN=238/190
SITETYPE b LAYER=IOB SIDE=WEST NPIN=4/2
SITETYPE N LAYER=NCLT SIDE=WEST NPIN=96/48
SITETYPE R LAYER=RCLT SIDE=WEST NPIN=96/48
Getting tinfo M 0 0 64/64
Skip tile size [64,64] for TILE M X64Y64. Expecting [32,32]
Getting tinfo D 0 0 64/64
Skip tile size [64,64] for TILE D X64Y64. Expecting [32,32]
Getting tinfo I 0 0 64/64
Skip tile size [64,64] for TILE I X64Y64. Expecting [32,32]
Getting tinfo N 0 0 64/64
Skip tile size [64,64] for TILE N X64Y64. Expecting [32,32]
Getting tinfo Z 0 0 64/64
Skip tile size [64,64] for TILE Z X64Y64. Expecting [32,32]
Getting tinfo M 0 0 32/32
Getting tinfo M 10 0 64/64
Skip tile size [64,64] for TILEWHITE M 10 0 X64Y64. Expecting [32,32]
Getting tinfo M 20 0 64/64
Skip tile size [64,64] for TILEWHITE M 20 0 X64Y64. Expecting [32,32]
Getting tinfo M 30 0 64/64
Skip tile size [64,64] for TILEWHITE M 30 0 X64Y64. Expecting [32,32]
Getting tinfo D 10 0 64/64
Skip tile size [64,64] for TILEWHITE D 10 0 X64Y64. Expecting [32,32]
Getting tinfo D 20 0 64/64
Skip tile size [64,64] for TILEWHITE D 20 0 X64Y64. Expecting [32,32]
Getting tinfo D 30 0 64/64
Skip tile size [64,64] for TILEWHITE D 30 0 X64Y64. Expecting [32,32]
Getting tinfo I 10 0 64/64
Skip tile size [64,64] for TILEWHITE I 10 0 X64Y64. Expecting [32,32]
Getting tinfo I 20 0 64/64
Skip tile size [64,64] for TILEWHITE I 20 0 X64Y64. Expecting [32,32]
Getting tinfo I 30 0 64/64
Skip tile size [64,64] for TILEWHITE I 30 0 X64Y64. Expecting [32,32]
Getting tinfo N 99 0 64/64
Skip tile size [64,64] for TILEWHITE N 99 0 X64Y64. Expecting [32,32]
Getting tinfo Z 99 0 64/64
Skip tile size [64,64] for TILEWHITE Z 99 0 X64Y64. Expecting [32,32]
GeometryDumpMap starts.
GeometryDumpMap ends.
GeometryDumpMap starts.
GeometryDumpMap ends.
Layer[L] has 14/10 sites, total_cap=140
Layer[M] has 4/10 sites, total_cap=40
Layer[DSP] has 0/0 sites, total_cap=0
Layer[NCLT] has 0/0 sites, total_cap=0
Layer[RCLT] has 0/0 sites, total_cap=0
Setup 40 LM mapping.
Layer[ZIOB] has 0/0 sites, total_cap=0
GeometryDumpLayers starts.
GeometryDumpLayers ends.
pProblemIni. eramclkAsClock=1
pProblemIniNetlist. skip_hifi=0, skip_pppff=2147483647
Netlist=NETLIST_ntt_top NumInst=215 NumNet=613
NumPinst=190
	DontPlace=0, NonRootRbbChainMember=23, NonRootDspChainMember=0, Const=1, ClkBuf=1
There are 215 instances. After combining instances in chains, there are 190 instances to place.
	Clock[0] OrigClock[0] net (net_index=2) clk
NumPnet=588
NumTrivial=0 NumDriverless=0
AverageFO=3.04 #HifiNet=0 AverageFO_HifiNet=0.00
NumClk=1 (with 0 inverted)
There are 588 nets in the design. Average fanout is 3.04.
There is 1 clock in the design.
NumInsts=190
Resource usages:
 Type=L: Capacity=140 Utilized=108 NumInst=85. [ChainLen=1]=76 [ChainLen=2]=2 [ChainLen=3]=3 [ChainLen=4]=3 [ChainLen=7]=1
 Type=M: Capacity=40 Utilized=0 NumInst=0.
 Type=IOB: Capacity=184 Utilized=105 NumInst=105.
Min-placement step: Detaild placement (mode=2).
POST STARTS (FINDER_DELAY)
TileRange read: File is not given. Use whole chip.
Read 213 RBB-locations from EFLX file.
Reading timing_def file ..\..\minplacer\00001_pa01_00002_setup\minplacer.timing_def
pPipeAlloc: OptMode=1 PppFfInsertDone=0 MinPipeRtDly=98 #Chain=0 AveChainLen=0.0 MaxChainLen=0 #Net=0 AveChainFan=0.0 MaxChainFan=0 #MixedZeroFan=0 Opt_UseLatency=0 OptLine_RightSlack_WorseThreshold=100
(0) INI TWL = 83660(41650, 42010) ELAPSE=0
CROSS-TILE STAT: [0]=1790
PANN_TILERANGE LayerMask=40 TileRange={0,1; 0,1} RangeDivider=4 WL=83660 (41650, 42010) StartingIter=0 NumIters=1
PANN_TILERANGE  (iter=0) WL=83660 (41650, 42010) TIMESPENT=0
PANN_TILERANGE ENDS TIMESPENT=0
Long connection estimation: ...........
Short connection estimation: ...........
(1) IOS-ANN TWL = 83660(41650, 42010) ELAPSE=2
[ITER=0] WNS=-35237,M=18.618 TNS=-5234372 PathNumObj=9 *
[ITER=1] WNS=-34879,M=18.439 TNS=-5322909 PathNumObj=9 *
[ITER=2] WNS=-34831,M=18.415 TNS=-5320084 PathNumObj=9 *
[ITER=3] WNS=-33423,M=17.711 TNS=-5198562 PathNumObj=7 ***&
[ITER=4] WNS=-33137,M=17.568 TNS=-5197328 PathNumObj=6 ***&
[ITER=5] WNS=-32823,M=17.411 TNS=-5198650 PathNumObj=6 *
[ITER=6] WNS=-31741,M=16.870 TNS=-5162452 PathNumObj=6 ***&
[ITER=7] WNS=-31723,M=16.861 TNS=-5153275 PathNumObj=5 ***&&&&&
[ITER=8] WNS=-31723,M=16.861 TNS=-5153275 x PathNumObj=12 *
[ITER=9] WNS=-31528,M=16.764 TNS=-5180577 PathNumObj=6 ***&
[ITER=10] WNS=-31381,M=16.690 TNS=-5184976 PathNumObj=5 ***&&&&&
[ITER=11] WNS=-31381,M=16.690 TNS=-5184976 x PathNumObj=12 *
[ITER=12] WNS=-31277,M=16.638 TNS=-5184891 PathNumObj=5 ***&&&&&
[ITER=13] WNS=-31277,M=16.638 TNS=-5184891 x PathNumObj=11 ***&
[ITER=14] WNS=-31073,M=16.536 TNS=-5183786 PathNumObj=5 ***&&&&&
[ITER=15] WNS=-30628,M=16.314 TNS=-5166956 PathNumObj=4 ***&&&&&
[ITER=16] WNS=-30558,M=16.279 TNS=-5131842 PathNumObj=3 ***&&&&&
[ITER=17] WNS=-30558,M=16.279 TNS=-5131842 x PathNumObj=11 ***&
[ITER=18] WNS=-30504,M=16.252 TNS=-5134358 PathNumObj=4 ***&&&&&
[ITER=19] WNS=-30504,M=16.252 TNS=-5134358 x PathNumObj=11 ***&
[ITER=20] WNS=-30324,M=16.162 TNS=-5101550 PathNumObj=3 ***&&&&&
[ITER=21] WNS=-30324,M=16.162 TNS=-5101550 x PathNumObj=11 ***&
[ITER=22] WNS=-30313,M=16.156 TNS=-5099581 PathNumObj=3 ***&&&&&
[ITER=23] WNS=-30313,M=16.156 TNS=-5099581 x PathNumObj=12 ***&
[ITER=24] WNS=-30266,M=16.133 TNS=-5096802 PathNumObj=2 ***&&&&&
[ITER=25] WNS=-30266,M=16.133 TNS=-5096802 x PathNumObj=12 ***&
[ITER=26] WNS=-30213,M=16.106 TNS=-5105198 PathNumObj=2 ***&&&&&
[ITER=27] WNS=-30213,M=16.106 TNS=-5105198 x PathNumObj=12 ***&&&&&
[ITER=28] WNS=-30213,M=16.106 TNS=-5105198 PathNumObj=2 ***&&&&&
[ITER=29] WNS=-30213,M=16.106 TNS=-5105198 x PathNumObj=12 ***&&&&&
[ITER=30] WNS=-30213,M=16.106 TNS=-5105198 PathNumObj=2 ***&&&&&
[ITER=31] WNS=-30213,M=16.106 TNS=-5105198 x PathNumObj=12 
[ITER=31] NEAR WNS=-30213,M=16.106 TNS=-5105198 PathSlack=-30209 PathNumObj=3 ***&&&&&
(2) IMPROVED TWL = 93900(50370, 43530) ELAPSE=88
(3) FIN TWL = 93900(50370, 43530) ELAPSE=88
CROSS-TILE STAT: [0]=1790
Wrote 85 RBB-locations out of 85 core insts and 23 chained insts to EFLX file ..\..\minplacer\00001_pa01_00005_post\minplacer_rbbloc.txt.
Wrote 105 RBB-locations out of 105 IOB insts to EFLX file ..\..\minplacer\00001_pa01_00005_post\minplacer_rbbloc.txt.
Wrote 0 RBB-locations out of 105 INTIOB insts to EFLX file ..\..\minplacer\00001_pa01_00005_post\minplacer_rbbloc.txt.
CLOCKPLAN_INI_NETLIST: NUM_CLOCKS=1 NUM_PINSTS=190
	 #Inst/Usage        L           M         DSP       SPRAM       UPRAM       2PRAM         IOB        ZIOB        NCLT        RCLT      
	   CLOCK[ 0]*    76(   80)                                                                                                            
	   NON_CLOCK      9(   28)                                                                                                            
CLOCKPLAN_INI_GEO: NUM_TILE_SLICES=1/1
{Rsc/Util/MinThre={L=140/108/10 ,M=40/0/8 ,DSP=0/0/4 ,SPRAM=0/0/0 ,UPRAM=0/0/0 ,2PRAM=0/0/0 ,IOB=184/105/16 ,ZIOB=0/0/0 ,NCLT=0/0/0 ,RCLT=0/0/0}
CLOCKPLAN_INI_PORTLOCKS
	CLOCK[0]* port locks:
		{IX0Y0S1I0}
		{OX0Y0S2I0}
		{OX0Y0S2I1}
		{OX0Y0S3I0}
		{OX0Y0S3I1}
BuildGaps
	GAPS[0]: - -
	GAPS[1]: - -
CreateReachables:
	CLOCK[0] reachables: [0,0]
	CLOCK[0] distance: 0
AssignPorts skipped as all clocks have locked ports.
ClockPortFile ..\..\minplacer\00001_pa01_00005_post\minplacer_clkloc.txt written.

*********************************** TILE REPORT ***************************************
|------------------------|
|TILE_X0Y0               |
|#INST=190               |
|#CLK=1 #INVCLK=0        |
|#ERAM_CP    0           |
|#         0   0         |
|#           0           |
|*                       |
|sa0*eao0ebo0wao0wbo0    |
|L=108,L32 C80           |
|IOB=105 C40             |
|------------------------|
CLUSTER[0] LAYER0=L TILE=[0,0] CLK=<0,-1> ERAMCLK=<108,0> REGION=<none>
 {L=108 C80 IOB=105 C40 LCHAIN=32 DCHAIN=0} #NEI=0 REACHABLES:
CLOCK[0] #LockedPort=1 #AssignedPort=0 #OutputPort=4 TX0Y0={#Cluster=1 L=108 IOB=105}
*********************************** TILE REPORT ***************************************


Placement timing:
         Clock        Group  Achievable Frequency(MHz)
--------------  -----------  -------------------------
           clk   <UDEF_clk>                    31.044 


POST ENDS
pProblemFin.
Min-placement step ends: Detaild placement (mode=2). Runtime: 0:1:35 (CPU time), 0:1:35 (real time); peak memory: 1415MB.


The current time is Sat Jul 11 22:05:15 2026



