


MINPLACER FLOW STARTS Sat Jul 11 21:54:44 2026
PARRAY=32x32
TILE_SIZE=1,1
MODULE_NAME=ntt_top
GRANDITER=-1
FLOW_STRING=eflxexp1500
COMMIT_NLEDIT_IMMEDIATELY=1
USE_NMAX=0
USE_FINDER=1
USE_RTABLE=0
LATENCY_AWARE=1
HAS_PPP=0
FAIL_AS_CRASH=0
RUNTIME_LIMITED=1
MAX_CPU=4 (16 16 4)
REPORT_HOLD=1
IGNORE_REGION=0
IGNORE_REGION_AFTER_WL=0
VERIFY=0
[                                                  ][    2] Running placer flow EXP (version=1500).
[                                                  ][    2] Start 4 jobs with MAX_CPU=4, POOLSIZE=4 and requested_winning_jobs=1.
[                                                  ][    2] Running placer flow WLTD (666).
[              minplacer\00001_pa01_00001_character][    2] Step character
[              minplacer\00001_pa01_00001_character][    3] Step MinPlacerChar minplacer_skip_dont_place=0 do_shortfd=0 do_shortfd_aggressive=0 do_precomb=0 do_precomb_aggressive=0 do_chain_to_tree=0 do_used_rbb_vacan=0 do_rep=1 do_reloc=0 do_repack=0 do_swabsorb=0 do_rplan=1
[              minplacer\00001_pa01_00001_character][    3] RbbUsage=117 PrePlaceTiming=94168.
[                  minplacer\00001_pa01_00002_setup][    3] Step setup
[                  minplacer\00001_pa01_00002_setup][    6] Step setup ends.
[                     minplacer\00001_pa01_00003_wl][    6] Step wl
[                     minplacer\00001_pa01_00003_wl][   31] Step wl returns 0. (timing=11733 cg=0)
[                     minplacer\00001_pa01_00003_wl][   31] Updating timing 11733 vs 2147483647.
[                 minplacer\00001_pa01_00004_repopt][   31] Step repopt
[                 minplacer\00001_pa01_00004_repopt][   41] Step repopt returns 0. (timing=11733 cg=0)
[                 minplacer\00001_pa01_00004_repopt][   41] Step has no netlist change.
[                   minplacer\00001_pa01_00005_post][   41] Step post
[                   minplacer\00001_pa01_00005_post][   56] Step post returns 0. (timing=22204R cg=0)
[                   minplacer\00001_pa01_00005_post][   56] Updating timing 22204R vs 11733.
[                  minplacer\00001_pa01_00006_rplan][   56] Step rplan
[                  minplacer\00001_pa01_00006_rplan][   66] Step rplan returns 0. (timing=22204R cg=50)
[                  minplacer\00001_pa01_00006_rplan][   66] Updating timing 22204R vs 22204R.
[                                                  ][   66] Running placer flow WLTD ends with TRUE.
[                  minplacer\00001_pa01_00006_rplan][   66] Placer job(1) finished okay with timing=22204.
[                                                  ][    2] Running placer flow WLTD (666).
[              minplacer\00002_pa02_00001_character][    2] Step character
[              minplacer\00002_pa02_00001_character][    3] Step MinPlacerChar minplacer_skip_dont_place=0 do_shortfd=0 do_shortfd_aggressive=0 do_precomb=0 do_precomb_aggressive=0 do_chain_to_tree=0 do_used_rbb_vacan=0 do_rep=1 do_reloc=0 do_repack=0 do_swabsorb=0 do_rplan=1
[              minplacer\00002_pa02_00001_character][    3] RbbUsage=117 PrePlaceTiming=94168.
[                  minplacer\00002_pa02_00002_setup][    3] Step setup
[                  minplacer\00002_pa02_00002_setup][    5] Step setup ends.
[                     minplacer\00002_pa02_00003_wl][    5] Step wl
[                     minplacer\00002_pa02_00003_wl][   31] Step wl returns 0. (timing=11363 cg=0)
[                     minplacer\00002_pa02_00003_wl][   31] Updating timing 11363 vs 2147483647.
[                 minplacer\00002_pa02_00004_repopt][   31] Step repopt
[                 minplacer\00002_pa02_00004_repopt][   41] Step repopt returns 0. (timing=11363 cg=0)
[                 minplacer\00002_pa02_00004_repopt][   41] Step has no netlist change.
[                   minplacer\00002_pa02_00005_post][   41] Step post
[                   minplacer\00002_pa02_00005_post][   61] Step post returns 0. (timing=20972R cg=0)
[                   minplacer\00002_pa02_00005_post][   61] Updating timing 20972R vs 11363.
[                  minplacer\00002_pa02_00006_rplan][   61] Step rplan
[                  minplacer\00002_pa02_00006_rplan][   71] Step rplan returns 0. (timing=20972R cg=50)
[                  minplacer\00002_pa02_00006_rplan][   71] Updating timing 20972R vs 20972R.
[                                                  ][   71] Running placer flow WLTD ends with TRUE.
[                  minplacer\00002_pa02_00006_rplan][   71] Placer job(2) finished okay with timing=20972.
[                                                  ][    2] Running placer flow WLTD (666).
[              minplacer\00000_pa00_00001_character][    2] Step character
[              minplacer\00000_pa00_00001_character][    2] Step MinPlacerChar minplacer_skip_dont_place=0 do_shortfd=0 do_shortfd_aggressive=0 do_precomb=0 do_precomb_aggressive=0 do_chain_to_tree=0 do_used_rbb_vacan=0 do_rep=1 do_reloc=0 do_repack=0 do_swabsorb=0 do_rplan=1
[              minplacer\00000_pa00_00001_character][    2] RbbUsage=117 PrePlaceTiming=94168.
[                  minplacer\00000_pa00_00002_setup][    2] Step setup
[                  minplacer\00000_pa00_00002_setup][    3] Step setup ends.
[                     minplacer\00000_pa00_00003_wl][    3] Step wl
[                     minplacer\00000_pa00_00003_wl][   30] Step wl returns 0. (timing=11151 cg=0)
[                     minplacer\00000_pa00_00003_wl][   30] Updating timing 11151 vs 2147483647.
[                 minplacer\00000_pa00_00004_repopt][   30] Step repopt
[                 minplacer\00000_pa00_00004_repopt][   40] Step repopt returns 0. (timing=11151 cg=0)
[                 minplacer\00000_pa00_00004_repopt][   40] Step has no netlist change.
[                   minplacer\00000_pa00_00005_post][   40] Step post
[                   minplacer\00000_pa00_00005_post][   75] Step post returns 0. (timing=20122R cg=0)
[                   minplacer\00000_pa00_00005_post][   75] Updating timing 20122R vs 11151.
[                  minplacer\00000_pa00_00006_rplan][   75] Step rplan
[                  minplacer\00000_pa00_00006_rplan][   85] Step rplan returns 0. (timing=20122R cg=50)
[                  minplacer\00000_pa00_00006_rplan][   85] Updating timing 20122R vs 20122R.
[                                                  ][   85] Running placer flow WLTD ends with TRUE.
[                  minplacer\00000_pa00_00006_rplan][   85] Placer job(0) finished okay with timing=20122.
[                                                  ][    2] Running placer flow WLTD (666).
[              minplacer\00003_pa03_00001_character][    2] Step character
[              minplacer\00003_pa03_00001_character][    2] Step MinPlacerChar minplacer_skip_dont_place=0 do_shortfd=0 do_shortfd_aggressive=0 do_precomb=0 do_precomb_aggressive=0 do_chain_to_tree=0 do_used_rbb_vacan=0 do_rep=1 do_reloc=0 do_repack=0 do_swabsorb=0 do_rplan=1
[              minplacer\00003_pa03_00001_character][    2] RbbUsage=117 PrePlaceTiming=94168.
[                  minplacer\00003_pa03_00002_setup][    2] Step setup
[                  minplacer\00003_pa03_00002_setup][    4] Step setup ends.
[                     minplacer\00003_pa03_00003_wl][    4] Step wl
[                     minplacer\00003_pa03_00003_wl][   29] Step wl returns 0. (timing=11757 cg=0)
[                     minplacer\00003_pa03_00003_wl][   29] Updating timing 11757 vs 2147483647.
[                 minplacer\00003_pa03_00004_repopt][   29] Step repopt
[                 minplacer\00003_pa03_00004_repopt][   34] Step repopt returns 0. (timing=11757 cg=0)
[                 minplacer\00003_pa03_00004_repopt][   34] Step has no netlist change.
[                   minplacer\00003_pa03_00005_post][   34] Step post
[                   minplacer\00003_pa03_00005_post][  120] Step post returns 0. (timing=20243R cg=0)
[                   minplacer\00003_pa03_00005_post][  120] Updating timing 20243R vs 11757.
[                  minplacer\00003_pa03_00006_rplan][  120] Step rplan
[                  minplacer\00003_pa03_00006_rplan][  130] Step rplan returns 0. (timing=20243R cg=50)
[                  minplacer\00003_pa03_00006_rplan][  130] Updating timing 20243R vs 20243R.
[                                                  ][  130] Running placer flow WLTD ends with TRUE.
[                  minplacer\00003_pa03_00006_rplan][  130] Placer job(3) finished okay with timing=20243.
[                                                  ][  130] End 4 jobs with 1 being accepted: [0,expjob_0]=minplacer\00000_pa00_00006_rplan
[                                                  ][  130] End 4 jobs with 3 being abandoned: [3,expjob_3]=minplacer\00003_pa03_00006_rplan [2,expjob_2]=minplacer\00002_pa02_00006_rplan [1,expjob_1]=minplacer\00001_pa01_00006_rplan
[                                                  ][  130] Running placer flow EXP receives (0).
[                  minplacer\00000_pa00_00006_rplan][  130] Updating timing 20122R vs 2147483647.
[                                                  ][  130] Running placer flow EXP ends with [minplacer\00000_pa00_00006_rplan] timing=20122.
[                  minplacer\00000_pa00_00006_rplan][  130] Step readback plc starts.
[                  minplacer\00000_pa00_00006_rplan][  130] Step readback plc ended.
MINPLACER FLOW QORSTAT REP=0 BUF=0 PPP=0 COMB=0 SHORTFD=0 RELOC=0 SWABSORB=0 PREABSORB=0
MINPLACER FLOW ENDS RET=PASS Sat Jul 11 21:56:53 2026
