#COLLECTE 4 WINNING_JOBS
##PARALLEL JOB[3] (1,expjob_1) timing=22204 dir=minplacer\00001_pa01_00006_rplan
##PARALLEL JOB[2] (2,expjob_2) timing=20972 dir=minplacer\00002_pa02_00006_rplan
##PARALLEL JOB[1] (3,expjob_3) timing=20243 dir=minplacer\00003_pa03_00006_rplan
##PARALLEL JOB[0] (0,expjob_0) timing=20122 dir=minplacer\00000_pa00_00006_rplan
PrePlaceDly=94168
#PLC_RUNDIR=minplacer\00000_pa00_00003_wl timing=11151 cg=0
PlaceDly=11151
TWL=83710
PEAKMEM=1305MB
#PLC_RUNDIR=minplacer\00000_pa00_00004_repopt timing=11151 cg=0
PlaceDly=11151
TWL=84250
PEAKMEM=1338MB
#PLC_RUNDIR=minplacer\00000_pa00_00005_post timing=20122 cg=0
PostIter=18
PlaceDly=20122
TWL=86860
PEAKMEM=1415MB
TotPostIter=18
#PLC_RUNDIR=minplacer\00000_pa00_00006_rplan timing=20122 cg=50
FinderPnRatio=50
FinderPnIter=0
PlaceDly=20122
PEAKMEM=1374MB
ParWin                              =expjob_0
