


MINPLACER FLOW STARTS Sat Jul 11 22:03:07 2026
PARRAY=32x32
TILE_SIZE=1,1
MODULE_NAME=ntt_top
GRANDITER=-1
FLOW_STRING=eflxexp1500
COMMIT_NLEDIT_IMMEDIATELY=1
USE_NMAX=0
USE_FINDER=1
USE_RTABLE=0
LATENCY_AWARE=1
HAS_PPP=0
FAIL_AS_CRASH=0
RUNTIME_LIMITED=1
MAX_CPU=4 (16 16 4)
REPORT_HOLD=1
IGNORE_REGION=0
IGNORE_REGION_AFTER_WL=0
VERIFY=0
[                                                  ][    2] Running placer flow EXP (version=1500).
[                                                  ][    2] Start 4 jobs with MAX_CPU=4, POOLSIZE=4 and requested_winning_jobs=1.
[                                                  ][    2] Running placer flow WLTD (666).
[              minplacer\00002_pa02_00001_character][    2] Step character
[              minplacer\00002_pa02_00001_character][    2] Step MinPlacerChar minplacer_skip_dont_place=0 do_shortfd=0 do_shortfd_aggressive=0 do_precomb=0 do_precomb_aggressive=0 do_chain_to_tree=0 do_used_rbb_vacan=0 do_rep=1 do_reloc=0 do_repack=0 do_swabsorb=0 do_rplan=1
[              minplacer\00002_pa02_00001_character][    2] RbbUsage=108 PrePlaceTiming=155616.
[                  minplacer\00002_pa02_00002_setup][    2] Step setup
[                  minplacer\00002_pa02_00002_setup][    5] Step setup ends.
[                     minplacer\00002_pa02_00003_wl][    5] Step wl
[                     minplacer\00002_pa02_00003_wl][   25] Step wl returns 0. (timing=17375 cg=0)
[                     minplacer\00002_pa02_00003_wl][   25] Updating timing 17375 vs 2147483647.
[                 minplacer\00002_pa02_00004_repopt][   25] Step repopt
[                 minplacer\00002_pa02_00004_repopt][   35] Step repopt returns 0. (timing=17375 cg=0)
[                 minplacer\00002_pa02_00004_repopt][   35] Step has no netlist change.
[                   minplacer\00002_pa02_00005_post][   35] Step post
[                   minplacer\00002_pa02_00005_post][   85] Step post returns 0. (timing=32100R cg=0)
[                   minplacer\00002_pa02_00005_post][   85] Updating timing 32100R vs 17375.
[                  minplacer\00002_pa02_00006_rplan][   85] Step rplan
[                  minplacer\00002_pa02_00006_rplan][   95] Step rplan returns 0. (timing=32100R cg=50)
[                  minplacer\00002_pa02_00006_rplan][   95] Updating timing 32100R vs 32100R.
[                                                  ][   95] Running placer flow WLTD ends with TRUE.
[                  minplacer\00002_pa02_00006_rplan][   95] Placer job(2) finished okay with timing=32100.
[                                                  ][    2] Running placer flow WLTD (666).
[              minplacer\00003_pa03_00001_character][    2] Step character
[              minplacer\00003_pa03_00001_character][    2] Step MinPlacerChar minplacer_skip_dont_place=0 do_shortfd=0 do_shortfd_aggressive=0 do_precomb=0 do_precomb_aggressive=0 do_chain_to_tree=0 do_used_rbb_vacan=0 do_rep=1 do_reloc=0 do_repack=0 do_swabsorb=0 do_rplan=1
[              minplacer\00003_pa03_00001_character][    2] RbbUsage=108 PrePlaceTiming=155616.
[                  minplacer\00003_pa03_00002_setup][    2] Step setup
[                  minplacer\00003_pa03_00002_setup][    3] Step setup ends.
[                     minplacer\00003_pa03_00003_wl][    3] Step wl
[                     minplacer\00003_pa03_00003_wl][   30] Step wl returns 0. (timing=17357 cg=0)
[                     minplacer\00003_pa03_00003_wl][   30] Updating timing 17357 vs 2147483647.
[                 minplacer\00003_pa03_00004_repopt][   30] Step repopt
[                 minplacer\00003_pa03_00004_repopt][   40] Step repopt returns 0. (timing=17357 cg=0)
[                 minplacer\00003_pa03_00004_repopt][   40] Step has no netlist change.
[                   minplacer\00003_pa03_00005_post][   40] Step post
[                   minplacer\00003_pa03_00005_post][  110] Step post returns 0. (timing=31890R cg=0)
[                   minplacer\00003_pa03_00005_post][  110] Updating timing 31890R vs 17357.
[                  minplacer\00003_pa03_00006_rplan][  110] Step rplan
[                  minplacer\00003_pa03_00006_rplan][  120] Step rplan returns 0. (timing=31890R cg=50)
[                  minplacer\00003_pa03_00006_rplan][  120] Updating timing 31890R vs 31890R.
[                                                  ][  120] Running placer flow WLTD ends with TRUE.
[                  minplacer\00003_pa03_00006_rplan][  120] Placer job(3) finished okay with timing=31890.
[                                                  ][    2] Running placer flow WLTD (666).
[              minplacer\00001_pa01_00001_character][    2] Step character
[              minplacer\00001_pa01_00001_character][    2] Step MinPlacerChar minplacer_skip_dont_place=0 do_shortfd=0 do_shortfd_aggressive=0 do_precomb=0 do_precomb_aggressive=0 do_chain_to_tree=0 do_used_rbb_vacan=0 do_rep=1 do_reloc=0 do_repack=0 do_swabsorb=0 do_rplan=1
[              minplacer\00001_pa01_00001_character][    2] RbbUsage=108 PrePlaceTiming=155616.
[                  minplacer\00001_pa01_00002_setup][    2] Step setup
[                  minplacer\00001_pa01_00002_setup][    4] Step setup ends.
[                     minplacer\00001_pa01_00003_wl][    4] Step wl
[                     minplacer\00001_pa01_00003_wl][   25] Step wl returns 0. (timing=17541 cg=0)
[                     minplacer\00001_pa01_00003_wl][   25] Updating timing 17541 vs 2147483647.
[                 minplacer\00001_pa01_00004_repopt][   25] Step repopt
[                 minplacer\00001_pa01_00004_repopt][   35] Step repopt returns 0. (timing=17541 cg=0)
[                 minplacer\00001_pa01_00004_repopt][   35] Step has no netlist change.
[                   minplacer\00001_pa01_00005_post][   35] Step post
[                   minplacer\00001_pa01_00005_post][  130] Step post returns 0. (timing=32212R cg=0)
[                   minplacer\00001_pa01_00005_post][  130] Updating timing 32212R vs 17541.
[                  minplacer\00001_pa01_00006_rplan][  130] Step rplan
[                  minplacer\00001_pa01_00006_rplan][  135] Step rplan returns 0. (timing=32212R cg=50)
[                  minplacer\00001_pa01_00006_rplan][  135] Updating timing 32212R vs 32212R.
[                                                  ][  135] Running placer flow WLTD ends with TRUE.
[                  minplacer\00001_pa01_00006_rplan][  135] Placer job(1) finished okay with timing=32212.
[                                                  ][    2] Running placer flow WLTD (666).
[              minplacer\00000_pa00_00001_character][    2] Step character
[              minplacer\00000_pa00_00001_character][    2] Step MinPlacerChar minplacer_skip_dont_place=0 do_shortfd=0 do_shortfd_aggressive=0 do_precomb=0 do_precomb_aggressive=0 do_chain_to_tree=0 do_used_rbb_vacan=0 do_rep=1 do_reloc=0 do_repack=0 do_swabsorb=0 do_rplan=1
[              minplacer\00000_pa00_00001_character][    2] RbbUsage=108 PrePlaceTiming=155616.
[                  minplacer\00000_pa00_00002_setup][    2] Step setup
[                  minplacer\00000_pa00_00002_setup][    3] Step setup ends.
[                     minplacer\00000_pa00_00003_wl][    3] Step wl
[                     minplacer\00000_pa00_00003_wl][   25] Step wl returns 0. (timing=17399 cg=0)
[                     minplacer\00000_pa00_00003_wl][   25] Updating timing 17399 vs 2147483647.
[                 minplacer\00000_pa00_00004_repopt][   25] Step repopt
[                 minplacer\00000_pa00_00004_repopt][   35] Step repopt returns 0. (timing=17399 cg=0)
[                 minplacer\00000_pa00_00004_repopt][   35] Step has no netlist change.
[                   minplacer\00000_pa00_00005_post][   35] Step post
[                   minplacer\00000_pa00_00005_post][  135] Step post returns 0. (timing=30951R cg=0)
[                   minplacer\00000_pa00_00005_post][  135] Updating timing 30951R vs 17399.
[                  minplacer\00000_pa00_00006_rplan][  135] Step rplan
[                  minplacer\00000_pa00_00006_rplan][  145] Step rplan returns 0. (timing=30951R cg=50)
[                  minplacer\00000_pa00_00006_rplan][  145] Updating timing 30951R vs 30951R.
[                                                  ][  145] Running placer flow WLTD ends with TRUE.
[                  minplacer\00000_pa00_00006_rplan][  145] Placer job(0) finished okay with timing=30951.
[                                                  ][  146] End 4 jobs with 1 being accepted: [0,expjob_0]=minplacer\00000_pa00_00006_rplan
[                                                  ][  146] End 4 jobs with 3 being abandoned: [3,expjob_3]=minplacer\00003_pa03_00006_rplan [2,expjob_2]=minplacer\00002_pa02_00006_rplan [1,expjob_1]=minplacer\00001_pa01_00006_rplan
[                                                  ][  146] Running placer flow EXP receives (0).
[                  minplacer\00000_pa00_00006_rplan][  146] Updating timing 30951R vs 2147483647.
[                                                  ][  146] Running placer flow EXP ends with [minplacer\00000_pa00_00006_rplan] timing=30951.
[                  minplacer\00000_pa00_00006_rplan][  146] Step readback plc starts.
[                  minplacer\00000_pa00_00006_rplan][  146] Step readback plc ended.
MINPLACER FLOW QORSTAT REP=0 BUF=0 PPP=0 COMB=0 SHORTFD=0 RELOC=0 SWABSORB=0 PREABSORB=0
MINPLACER FLOW ENDS RET=PASS Sat Jul 11 22:05:31 2026
