#COLLECTE 4 WINNING_JOBS
##PARALLEL JOB[3] (1,expjob_1) timing=32212 dir=minplacer\00001_pa01_00006_rplan
##PARALLEL JOB[2] (2,expjob_2) timing=32100 dir=minplacer\00002_pa02_00006_rplan
##PARALLEL JOB[1] (3,expjob_3) timing=31890 dir=minplacer\00003_pa03_00006_rplan
##PARALLEL JOB[0] (0,expjob_0) timing=30951 dir=minplacer\00000_pa00_00006_rplan
PrePlaceDly=155616
#PLC_RUNDIR=minplacer\00000_pa00_00003_wl timing=17399 cg=0
PlaceDly=17399
TWL=83670
PEAKMEM=1305MB
#PLC_RUNDIR=minplacer\00000_pa00_00004_repopt timing=17399 cg=0
PlaceDly=17399
TWL=84280
PEAKMEM=1338MB
#PLC_RUNDIR=minplacer\00000_pa00_00005_post timing=30951 cg=0
PostIter=53
PlaceDly=30951
TWL=93910
PEAKMEM=1415MB
TotPostIter=53
#PLC_RUNDIR=minplacer\00000_pa00_00006_rplan timing=30951 cg=50
FinderPnRatio=50
FinderPnIter=0
PlaceDly=30951
PEAKMEM=1374MB
ParWin                              =expjob_0
